Output: Graphics/Displays:

    Apple M2 Max:

      Chipset Model: Apple M2 Max
      Type: GPU
      Bus: Built-In
      Total Number of Cores: 38
      Vendor: Apple (0x106b)
      Metal Support: Metal 3
      Displays:
        Color LCD:
          Display Type: Built-in Liquid Retina XDR Display
          Resolution: 3456 x 2234 Retina
          Main Display: Yes
          Mirror: Off
          Online: Yes
          Automatically Adjust Brightness: Yes
          Connection Type: Internal
        SAMSUNG:
          Resolution: 2560 x 1440 (QHD/WQHD - Wide Quad High Definition)
          UI Looks like: 2560 x 1440 @ 75.00Hz
          Mirror: Off
          Online: Yes
          Rotation: Supported


Model: Apple M2 Max
E-Core Count: 4
P-Core Count: 8
GPU Core Count: 38
